Started GET "/" for ::1 at 2017-03-19 23:33:26 +0500
Processing by Rails::WelcomeController#index as HTML
  Parameters: {"internal"=>true}
  Rendering /usr/lib/ruby/gems/2.4.0/gems/railties-5.0.2/lib/rails/templates/rails/welcome/index.html.erb
  Rendered /usr/lib/ruby/gems/2.4.0/gems/railties-5.0.2/lib/rails/templates/rails/welcome/index.html.erb (8.6ms)
Completed 200 OK in 76ms (Views: 33.9ms | ActiveRecord: 0.0ms)


Started GET "/home" for ::1 at 2017-03-19 23:33:46 +0500
  
ActionController::RoutingError (No route matches [GET] "/home"):
  
actionpack (5.0.2) lib/action_dispatch/middleware/debug_exceptions.rb:53:in `call'
web-console (3.4.0) lib/web_console/middleware.rb:135:in `call_app'
web-console (3.4.0) lib/web_console/middleware.rb:28:in `block in call'
web-console (3.4.0) lib/web_console/middleware.rb:18:in `catch'
web-console (3.4.0) lib/web_console/middleware.rb:18:in `call'
actionpack (5.0.2) lib/action_dispatch/middleware/show_exceptions.rb:31:in `call'
railties (5.0.2) lib/rails/rack/logger.rb:36:in `call_app'
railties (5.0.2) lib/rails/rack/logger.rb:24:in `block in call'
activesupport (5.0.2) lib/active_support/tagged_logging.rb:69:in `block in tagged'
activesupport (5.0.2) lib/active_support/tagged_logging.rb:26:in `tagged'
activesupport (5.0.2) lib/active_support/tagged_logging.rb:69:in `tagged'
railties (5.0.2) lib/rails/rack/logger.rb:24:in `call'
sprockets-rails (3.2.0) lib/sprockets/rails/quiet_assets.rb:13:in `call'
actionpack (5.0.2) lib/action_dispatch/middleware/request_id.rb:24:in `call'
rack (2.0.1) lib/rack/method_override.rb:22:in `call'
rack (2.0.1) lib/rack/runtime.rb:22:in `call'
activesupport (5.0.2) lib/active_support/cache/strategy/local_cache_middleware.rb:28:in `call'
actionpack (5.0.2) lib/action_dispatch/middleware/executor.rb:12:in `call'
actionpack (5.0.2) lib/action_dispatch/middleware/static.rb:136:in `call'
rack (2.0.1) lib/rack/sendfile.rb:111:in `call'
railties (5.0.2) lib/rails/engine.rb:522:in `call'
puma (3.8.2) lib/puma/configuration.rb:224:in `call'
puma (3.8.2) lib/puma/server.rb:600:in `handle_request'
puma (3.8.2) lib/puma/server.rb:435:in `process_client'
puma (3.8.2) lib/puma/server.rb:299:in `block in run'
puma (3.8.2) lib/puma/thread_pool.rb:120:in `block in spawn_thread'
  Rendering /usr/lib/ruby/gems/2.4.0/gems/actionpack-5.0.2/lib/action_dispatch/middleware/templates/rescues/routing_error.html.erb within rescues/layout
  Rendering /usr/lib/ruby/gems/2.4.0/gems/actionpack-5.0.2/lib/action_dispatch/middleware/templates/rescues/_trace.html.erb
  Rendered /usr/lib/ruby/gems/2.4.0/gems/actionpack-5.0.2/lib/action_dispatch/middleware/templates/rescues/_trace.html.erb (1.7ms)
  Rendered collection of /usr/lib/ruby/gems/2.4.0/gems/actionpack-5.0.2/lib/action_dispatch/middleware/templates/routes/_route.html.erb [2 times] (36.6ms)
  Rendered /usr/lib/ruby/gems/2.4.0/gems/actionpack-5.0.2/lib/action_dispatch/middleware/templates/routes/_table.html.erb (25.2ms)
  Rendering /usr/lib/ruby/gems/2.4.0/gems/actionpack-5.0.2/lib/action_dispatch/middleware/templates/rescues/_request_and_response.html.erb
  Rendered /usr/lib/ruby/gems/2.4.0/gems/actionpack-5.0.2/lib/action_dispatch/middleware/templates/rescues/_request_and_response.html.erb (1.3ms)
  Rendered /usr/lib/ruby/gems/2.4.0/gems/actionpack-5.0.2/lib/action_dispatch/middleware/templates/rescues/routing_error.html.erb within rescues/layout (201.8ms)
Started GET "/static_pages/home" for ::1 at 2017-03-19 23:33:54 +0500
Processing by StaticPagesController#home as HTML
  Rendering static_pages/home.html.erb within layouts/application
  Rendered static_pages/home.html.erb within layouts/application (0.4ms)
Completed 200 OK in 1962ms (Views: 1961.3ms | ActiveRecord: 0.0ms)


Started GET "/static_pages/home" for ::1 at 2017-03-19 23:38:47 +0500
Processing by StaticPagesController#home as HTML
  Rendering static_pages/home.html.erb within layouts/application
  Rendered static_pages/home.html.erb within layouts/application (1.3ms)
Completed 200 OK in 52ms (Views: 49.5ms | ActiveRecord: 0.0ms)


Started GET "/static_pages/help" for ::1 at 2017-03-19 23:41:41 +0500
Processing by StaticPagesController#help as HTML
  Rendering static_pages/help.html.erb within layouts/application
  Rendered static_pages/help.html.erb within layouts/application (0.4ms)
Completed 200 OK in 52ms (Views: 51.1ms | ActiveRecord: 0.0ms)


Started GET "/static_pages/about" for ::1 at 2017-03-20 00:46:01 +0500
Processing by StaticPagesController#about as HTML
  Rendering static_pages/about.html.erb within layouts/application
  Rendered static_pages/about.html.erb within layouts/application (1.3ms)
Completed 200 OK in 349ms (Views: 336.9ms | ActiveRecord: 0.0ms)


Started GET "/static_pages/about" for ::1 at 2017-03-20 00:50:39 +0500
Processing by StaticPagesController#about as HTML
  Rendering static_pages/about.html.erb within layouts/application
  Rendered static_pages/about.html.erb within layouts/application (0.4ms)
Completed 200 OK in 72ms (Views: 70.6ms | ActiveRecord: 0.0ms)


Started GET "/static_pages/about" for ::1 at 2017-03-20 01:02:10 +0500
Processing by StaticPagesController#about as HTML
  Rendering static_pages/about.html.erb within layouts/application
  Rendered static_pages/about.html.erb within layouts/application (0.4ms)
Completed 200 OK in 53ms (Views: 51.6ms | ActiveRecord: 0.0ms)


Started GET "/static_pages/help" for ::1 at 2017-03-20 01:02:16 +0500
Processing by StaticPagesController#help as HTML
  Rendering static_pages/help.html.erb within layouts/application
  Rendered static_pages/help.html.erb within layouts/application (0.4ms)
Completed 200 OK in 59ms (Views: 57.5ms | ActiveRecord: 0.0ms)


Started GET "/static_pages/help" for ::1 at 2017-03-20 01:02:26 +0500
Processing by StaticPagesController#help as HTML
  Rendering static_pages/help.html.erb within layouts/application
  Rendered static_pages/help.html.erb within layouts/application (0.4ms)
Completed 200 OK in 67ms (Views: 65.7ms | ActiveRecord: 0.0ms)


Started GET "/static_pages/home" for ::1 at 2017-03-20 01:02:28 +0500
Processing by StaticPagesController#home as HTML
  Rendering static_pages/home.html.erb within layouts/application
  Rendered static_pages/home.html.erb within layouts/application (0.4ms)
Completed 200 OK in 44ms (Views: 42.5ms | ActiveRecord: 0.0ms)


Started GET "/static_pages/help" for ::1 at 2017-03-20 01:02:32 +0500
Processing by StaticPagesController#help as HTML
  Rendering static_pages/help.html.erb within layouts/application
  Rendered static_pages/help.html.erb within layouts/application (0.6ms)
Completed 200 OK in 52ms (Views: 50.9ms | ActiveRecord: 0.0ms)


Started GET "/static_pages/about" for ::1 at 2017-03-20 01:02:36 +0500
Processing by StaticPagesController#about as HTML
  Rendering static_pages/about.html.erb within layouts/application
  Rendered static_pages/about.html.erb within layouts/application (0.4ms)
Completed 200 OK in 55ms (Views: 53.8ms | ActiveRecord: 0.0ms)


Started GET "/" for ::1 at 2017-03-20 01:21:42 +0500
Processing by StaticPagesController#home as HTML
  Rendering static_pages/home.html.erb within layouts/application
  Rendered static_pages/home.html.erb within layouts/application (0.5ms)
Completed 200 OK in 51ms (Views: 49.3ms | ActiveRecord: 0.0ms)


Started GET "/" for ::1 at 2017-03-20 16:20:10 +0500
Processing by StaticPagesController#home as HTML
  Rendering static_pages/home.html.erb within layouts/application
  Rendered static_pages/home.html.erb within layouts/application (1.8ms)
Completed 200 OK in 377ms (Views: 364.8ms | ActiveRecord: 0.0ms)


Started GET "/static_pages/help" for ::1 at 2017-03-20 16:20:16 +0500
Processing by StaticPagesController#help as HTML
  Rendering static_pages/help.html.erb within layouts/application
  Rendered static_pages/help.html.erb within layouts/application (1.1ms)
Completed 200 OK in 68ms (Views: 66.1ms | ActiveRecord: 0.0ms)


Started GET "/static_pages/contact" for ::1 at 2017-03-20 16:20:21 +0500
Processing by StaticPagesController#contact as HTML
  Rendering static_pages/contact.html.erb within layouts/application
  Rendered static_pages/contact.html.erb within layouts/application (0.4ms)
Completed 200 OK in 50ms (Views: 48.6ms | ActiveRecord: 0.0ms)


Started GET "/static_pages/contact" for ::1 at 2017-03-20 16:20:41 +0500
Processing by StaticPagesController#contact as HTML
  Rendering static_pages/contact.html.erb within layouts/application
  Rendered static_pages/contact.html.erb within layouts/application (0.6ms)
Completed 200 OK in 60ms (Views: 58.8ms | ActiveRecord: 0.0ms)


Started GET "/static_pages/contact" for ::1 at 2017-03-20 16:20:56 +0500
Processing by StaticPagesController#contact as HTML
  Rendering static_pages/contact.html.erb within layouts/application
  Rendered static_pages/contact.html.erb within layouts/application (0.5ms)
Completed 200 OK in 66ms (Views: 64.6ms | ActiveRecord: 0.0ms)


Started GET "/" for ::1 at 2017-03-20 17:46:19 +0500
Processing by StaticPagesController#home as HTML
  Rendering static_pages/home.html.erb within layouts/application
  Rendered static_pages/home.html.erb within layouts/application (0.4ms)
Completed 200 OK in 50ms (Views: 49.0ms | ActiveRecord: 0.0ms)


Started GET "/" for ::1 at 2017-03-20 17:51:48 +0500
Processing by StaticPagesController#home as HTML
  Rendering static_pages/home.html.erb within layouts/application
  Rendered static_pages/home.html.erb within layouts/application (0.4ms)
Completed 200 OK in 46ms (Views: 44.7ms | ActiveRecord: 0.0ms)


Started GET "/" for ::1 at 2017-03-20 17:52:01 +0500
Processing by StaticPagesController#home as HTML
  Rendering static_pages/home.html.erb within layouts/application
  Rendered static_pages/home.html.erb within layouts/application (0.4ms)
Completed 200 OK in 66ms (Views: 64.4ms | ActiveRecord: 0.0ms)


Started GET "/" for ::1 at 2017-03-20 17:58:36 +0500
Processing by StaticPagesController#home as HTML
  Rendering static_pages/home.html.erb within layouts/application
  Rendered static_pages/home.html.erb within layouts/application (0.4ms)
Completed 200 OK in 51ms (Views: 50.1ms | ActiveRecord: 0.0ms)


Started GET "/static_pages/help" for ::1 at 2017-03-20 18:00:51 +0500
Processing by StaticPagesController#help as HTML
  Rendering static_pages/help.html.erb within layouts/application
  Rendered static_pages/help.html.erb within layouts/application (0.4ms)
Completed 200 OK in 46ms (Views: 44.6ms | ActiveRecord: 0.0ms)


Started GET "/static_pages/about" for ::1 at 2017-03-20 18:01:02 +0500
Processing by StaticPagesController#about as HTML
  Rendering static_pages/about.html.erb within layouts/application
  Rendered static_pages/about.html.erb within layouts/application (0.4ms)
Completed 200 OK in 46ms (Views: 45.1ms | ActiveRecord: 0.0ms)


Started GET "/" for ::1 at 2017-03-20 18:01:07 +0500
Processing by StaticPagesController#home as HTML
  Rendering static_pages/home.html.erb within layouts/application
  Rendered static_pages/home.html.erb within layouts/application (0.4ms)
Completed 200 OK in 55ms (Views: 54.4ms | ActiveRecord: 0.0ms)


Started GET "/" for ::1 at 2017-03-20 19:49:00 +0500
Processing by StaticPagesController#home as HTML
  Rendering static_pages/home.html.erb within layouts/application
  Rendered static_pages/home.html.erb within layouts/application (0.4ms)
Completed 200 OK in 60ms (Views: 58.4ms | ActiveRecord: 0.0ms)


Started GET "/" for ::1 at 2017-03-21 20:37:25 +0500
Processing by StaticPagesController#home as HTML
  Rendering static_pages/home.html.erb within layouts/application
  Rendered static_pages/home.html.erb within layouts/application (3.9ms)
Completed 200 OK in 615ms (Views: 571.6ms | ActiveRecord: 0.0ms)


Started GET "/" for ::1 at 2017-03-21 23:30:34 +0500
Processing by StaticPagesController#home as HTML
  Rendering static_pages/home.html.erb within layouts/application
  Rendered static_pages/home.html.erb within layouts/application (0.4ms)
Completed 200 OK in 50ms (Views: 48.7ms | ActiveRecord: 0.0ms)


Started GET "/static_pages/help" for ::1 at 2017-03-21 23:30:40 +0500
Processing by StaticPagesController#help as HTML
  Rendering static_pages/help.html.erb within layouts/application
  Rendered static_pages/help.html.erb within layouts/application (1.1ms)
Completed 200 OK in 113ms (Views: 57.7ms | ActiveRecord: 0.0ms)


Started GET "/static_pages/help" for ::1 at 2017-03-21 23:30:49 +0500
Processing by StaticPagesController#help as HTML
  Rendering static_pages/help.html.erb within layouts/application
  Rendered static_pages/help.html.erb within layouts/application (0.5ms)
Completed 200 OK in 61ms (Views: 59.7ms | ActiveRecord: 0.0ms)


Started GET "/static_pages/" for ::1 at 2017-03-21 23:30:53 +0500
  
ActionController::RoutingError (No route matches [GET] "/static_pages"):
  
actionpack (5.0.2) lib/action_dispatch/middleware/debug_exceptions.rb:53:in `call'
web-console (3.4.0) lib/web_console/middleware.rb:135:in `call_app'
web-console (3.4.0) lib/web_console/middleware.rb:28:in `block in call'
web-console (3.4.0) lib/web_console/middleware.rb:18:in `catch'
web-console (3.4.0) lib/web_console/middleware.rb:18:in `call'
actionpack (5.0.2) lib/action_dispatch/middleware/show_exceptions.rb:31:in `call'
railties (5.0.2) lib/rails/rack/logger.rb:36:in `call_app'
railties (5.0.2) lib/rails/rack/logger.rb:24:in `block in call'
activesupport (5.0.2) lib/active_support/tagged_logging.rb:69:in `block in tagged'
activesupport (5.0.2) lib/active_support/tagged_logging.rb:26:in `tagged'
activesupport (5.0.2) lib/active_support/tagged_logging.rb:69:in `tagged'
railties (5.0.2) lib/rails/rack/logger.rb:24:in `call'
sprockets-rails (3.2.0) lib/sprockets/rails/quiet_assets.rb:13:in `call'
actionpack (5.0.2) lib/action_dispatch/middleware/request_id.rb:24:in `call'
rack (2.0.1) lib/rack/method_override.rb:22:in `call'
rack (2.0.1) lib/rack/runtime.rb:22:in `call'
activesupport (5.0.2) lib/active_support/cache/strategy/local_cache_middleware.rb:28:in `call'
actionpack (5.0.2) lib/action_dispatch/middleware/executor.rb:12:in `call'
actionpack (5.0.2) lib/action_dispatch/middleware/static.rb:136:in `call'
rack (2.0.1) lib/rack/sendfile.rb:111:in `call'
railties (5.0.2) lib/rails/engine.rb:522:in `call'
puma (3.8.2) lib/puma/configuration.rb:224:in `call'
puma (3.8.2) lib/puma/server.rb:600:in `handle_request'
puma (3.8.2) lib/puma/server.rb:435:in `process_client'
puma (3.8.2) lib/puma/server.rb:299:in `block in run'
puma (3.8.2) lib/puma/thread_pool.rb:120:in `block in spawn_thread'
  Rendering /usr/lib/ruby/gems/2.4.0/gems/actionpack-5.0.2/lib/action_dispatch/middleware/templates/rescues/routing_error.html.erb within rescues/layout
  Rendering /usr/lib/ruby/gems/2.4.0/gems/actionpack-5.0.2/lib/action_dispatch/middleware/templates/rescues/_trace.html.erb
  Rendered /usr/lib/ruby/gems/2.4.0/gems/actionpack-5.0.2/lib/action_dispatch/middleware/templates/rescues/_trace.html.erb (2.2ms)
  Rendered collection of /usr/lib/ruby/gems/2.4.0/gems/actionpack-5.0.2/lib/action_dispatch/middleware/templates/routes/_route.html.erb [5 times] (37.7ms)
  Rendered /usr/lib/ruby/gems/2.4.0/gems/actionpack-5.0.2/lib/action_dispatch/middleware/templates/routes/_table.html.erb (41.3ms)
  Rendering /usr/lib/ruby/gems/2.4.0/gems/actionpack-5.0.2/lib/action_dispatch/middleware/templates/rescues/_request_and_response.html.erb
  Rendered /usr/lib/ruby/gems/2.4.0/gems/actionpack-5.0.2/lib/action_dispatch/middleware/templates/rescues/_request_and_response.html.erb (2.4ms)
  Rendered /usr/lib/ruby/gems/2.4.0/gems/actionpack-5.0.2/lib/action_dispatch/middleware/templates/rescues/routing_error.html.erb within rescues/layout (152.3ms)
Started GET "/" for ::1 at 2017-03-21 23:30:58 +0500
Processing by StaticPagesController#home as HTML
  Rendering static_pages/home.html.erb within layouts/application
  Rendered static_pages/home.html.erb within layouts/application (0.4ms)
Completed 200 OK in 44ms (Views: 42.9ms | ActiveRecord: 0.0ms)


Started GET "/" for ::1 at 2017-03-21 23:31:20 +0500
Processing by StaticPagesController#home as HTML
  Rendering static_pages/home.html.erb within layouts/application
  Rendered static_pages/home.html.erb within layouts/application (0.8ms)
Completed 200 OK in 53ms (Views: 52.2ms | ActiveRecord: 0.0ms)


Started GET "/" for ::1 at 2017-03-21 23:33:35 +0500
Processing by StaticPagesController#home as HTML
  Rendering static_pages/home.html.erb within layouts/application
  Rendered static_pages/home.html.erb within layouts/application (0.4ms)
Completed 200 OK in 52ms (Views: 50.6ms | ActiveRecord: 0.0ms)


Started GET "/" for ::1 at 2017-03-21 23:33:37 +0500
Processing by StaticPagesController#home as HTML
  Rendering static_pages/home.html.erb within layouts/application
  Rendered static_pages/home.html.erb within layouts/application (0.5ms)
Completed 200 OK in 59ms (Views: 57.4ms | ActiveRecord: 0.0ms)


Started GET "/" for ::1 at 2017-03-21 23:35:13 +0500
Processing by StaticPagesController#home as HTML
  Rendering static_pages/home.html.erb within layouts/application
  Rendered static_pages/home.html.erb within layouts/application (0.4ms)
Completed 500 Internal Server Error in 4ms (ActiveRecord: 0.0ms)


  
SyntaxError (/home/buba/ror_projects/rails_tutor_hartl/sample_app/app/views/layouts/application.html.erb:17: syntax error, unexpected '{', expecting ')'
=( link_to "sample app", '#' { id: "logo" } );@output_buffer
                              ^
/home/buba/ror_projects/rails_tutor_hartl/sample_app/app/views/layouts/application.html.erb:17: syntax error, unexpected '}', expecting ')'
ample app", '#' { id: "logo" } );@output_buffer.safe_append=
                              ^
/home/buba/ror_projects/rails_tutor_hartl/sample_app/app/views/layouts/application.html.erb:24: syntax error, unexpected keyword_ensure, expecting ')'
          ensure
                ^
/home/buba/ror_projects/rails_tutor_hartl/sample_app/app/views/layouts/application.html.erb:26: syntax error, unexpected keyword_end, expecting ')'
          end
             ^):
  
app/views/layouts/application.html.erb:17: syntax error, unexpected '{', expecting ')'
app/views/layouts/application.html.erb:17: syntax error, unexpected '}', expecting ')'
app/views/layouts/application.html.erb:24: syntax error, unexpected keyword_ensure, expecting ')'
app/views/layouts/application.html.erb:26: syntax error, unexpected keyword_end, expecting ')'
  Rendering /usr/lib/ruby/gems/2.4.0/gems/actionpack-5.0.2/lib/action_dispatch/middleware/templates/rescues/diagnostics.html.erb within rescues/layout
  Rendering /usr/lib/ruby/gems/2.4.0/gems/actionpack-5.0.2/lib/action_dispatch/middleware/templates/rescues/_source.html.erb
  Rendered /usr/lib/ruby/gems/2.4.0/gems/actionpack-5.0.2/lib/action_dispatch/middleware/templates/rescues/_source.html.erb (11.0ms)
  Rendering /usr/lib/ruby/gems/2.4.0/gems/actionpack-5.0.2/lib/action_dispatch/middleware/templates/rescues/_trace.html.erb
  Rendered /usr/lib/ruby/gems/2.4.0/gems/actionpack-5.0.2/lib/action_dispatch/middleware/templates/rescues/_trace.html.erb (4.2ms)
  Rendering /usr/lib/ruby/gems/2.4.0/gems/actionpack-5.0.2/lib/action_dispatch/middleware/templates/rescues/_request_and_response.html.erb
  Rendered /usr/lib/ruby/gems/2.4.0/gems/actionpack-5.0.2/lib/action_dispatch/middleware/templates/rescues/_request_and_response.html.erb (0.9ms)
  Rendered /usr/lib/ruby/gems/2.4.0/gems/actionpack-5.0.2/lib/action_dispatch/middleware/templates/rescues/diagnostics.html.erb within rescues/layout (40.4ms)
Started GET "/" for ::1 at 2017-03-21 23:35:39 +0500
Processing by StaticPagesController#home as HTML
  Rendering static_pages/home.html.erb within layouts/application
  Rendered static_pages/home.html.erb within layouts/application (0.4ms)
Completed 200 OK in 57ms (Views: 55.2ms | ActiveRecord: 0.0ms)


Started GET "/" for ::1 at 2017-03-21 23:40:28 +0500
Processing by StaticPagesController#home as HTML
  Rendering static_pages/home.html.erb within layouts/application
  Rendered static_pages/home.html.erb within layouts/application (0.5ms)
Completed 500 Internal Server Error in 325ms (ActiveRecord: 0.0ms)


  
ActionView::Template::Error (undefined local variable or method `logo' for #<#<Class:0x007f68c40160b0>:0x007f68c00a6538>
Did you mean?  loop):
    14:   <body>
    15:     <header class="navbar navbar-foxed-top navbar-inverse">
    16:       <div class="container">
    17:         <%= link_to "sample app", '#', id: logo %>
    18:         <nav>
    19:           <ul class="nav navbar-nav pull-right">
    20:             <li><%= link_to "Home",    '#' %></li>
  
app/views/layouts/application.html.erb:17:in `_app_views_layouts_application_html_erb__4579905129438690595_70043937584680'
  Rendering /usr/lib/ruby/gems/2.4.0/gems/actionpack-5.0.2/lib/action_dispatch/middleware/templates/rescues/template_error.html.erb within rescues/layout
  Rendering /usr/lib/ruby/gems/2.4.0/gems/actionpack-5.0.2/lib/action_dispatch/middleware/templates/rescues/_source.html.erb
  Rendered /usr/lib/ruby/gems/2.4.0/gems/actionpack-5.0.2/lib/action_dispatch/middleware/templates/rescues/_source.html.erb (9.2ms)
  Rendering /usr/lib/ruby/gems/2.4.0/gems/actionpack-5.0.2/lib/action_dispatch/middleware/templates/rescues/_trace.html.erb
  Rendered /usr/lib/ruby/gems/2.4.0/gems/actionpack-5.0.2/lib/action_dispatch/middleware/templates/rescues/_trace.html.erb (3.6ms)
  Rendering /usr/lib/ruby/gems/2.4.0/gems/actionpack-5.0.2/lib/action_dispatch/middleware/templates/rescues/_request_and_response.html.erb
  Rendered /usr/lib/ruby/gems/2.4.0/gems/actionpack-5.0.2/lib/action_dispatch/middleware/templates/rescues/_request_and_response.html.erb (1.0ms)
  Rendered /usr/lib/ruby/gems/2.4.0/gems/actionpack-5.0.2/lib/action_dispatch/middleware/templates/rescues/template_error.html.erb within rescues/layout (33.3ms)
Started GET "/" for ::1 at 2017-03-21 23:40:58 +0500
Processing by StaticPagesController#home as HTML
  Rendering static_pages/home.html.erb within layouts/application
  Rendered static_pages/home.html.erb within layouts/application (0.4ms)
Completed 200 OK in 61ms (Views: 59.2ms | ActiveRecord: 0.0ms)


Started GET "/" for ::1 at 2017-03-21 23:41:00 +0500
Processing by StaticPagesController#home as HTML
  Rendering static_pages/home.html.erb within layouts/application
  Rendered static_pages/home.html.erb within layouts/application (0.6ms)
Completed 200 OK in 95ms (Views: 93.5ms | ActiveRecord: 0.0ms)


Started GET "/" for ::1 at 2017-03-21 23:41:01 +0500
Processing by StaticPagesController#home as HTML
  Rendering static_pages/home.html.erb within layouts/application
  Rendered static_pages/home.html.erb within layouts/application (0.4ms)
Completed 200 OK in 102ms (Views: 101.3ms | ActiveRecord: 0.0ms)


Started GET "/" for ::1 at 2017-03-21 23:41:01 +0500
Processing by StaticPagesController#home as HTML
  Rendering static_pages/home.html.erb within layouts/application
  Rendered static_pages/home.html.erb within layouts/application (0.6ms)
Completed 200 OK in 63ms (Views: 61.2ms | ActiveRecord: 0.0ms)


Started GET "/" for ::1 at 2017-03-21 23:41:01 +0500
Processing by StaticPagesController#home as HTML
  Rendering static_pages/home.html.erb within layouts/application
  Rendered static_pages/home.html.erb within layouts/application (0.5ms)
Completed 200 OK in 62ms (Views: 60.2ms | ActiveRecord: 0.0ms)


Started GET "/" for ::1 at 2017-03-21 23:41:01 +0500
Processing by StaticPagesController#home as HTML
  Rendering static_pages/home.html.erb within layouts/application
  Rendered static_pages/home.html.erb within layouts/application (0.5ms)
Completed 200 OK in 65ms (Views: 63.4ms | ActiveRecord: 0.0ms)


Started GET "/" for ::1 at 2017-03-21 23:41:02 +0500
Processing by StaticPagesController#home as HTML
  Rendering static_pages/home.html.erb within layouts/application
  Rendered static_pages/home.html.erb within layouts/application (0.5ms)
Completed 200 OK in 69ms (Views: 67.3ms | ActiveRecord: 0.0ms)


Started GET "/" for ::1 at 2017-03-21 23:48:52 +0500
Processing by StaticPagesController#home as HTML
  Rendering static_pages/home.html.erb within layouts/application
  Rendered static_pages/home.html.erb within layouts/application (2.1ms)
Completed 200 OK in 66ms (Views: 64.9ms | ActiveRecord: 0.0ms)


Started GET "/images/rails.png" for ::1 at 2017-03-21 23:48:53 +0500
  
ActionController::RoutingError (No route matches [GET] "/images/rails.png"):
  
actionpack (5.0.2) lib/action_dispatch/middleware/debug_exceptions.rb:53:in `call'
web-console (3.4.0) lib/web_console/middleware.rb:135:in `call_app'
web-console (3.4.0) lib/web_console/middleware.rb:28:in `block in call'
web-console (3.4.0) lib/web_console/middleware.rb:18:in `catch'
web-console (3.4.0) lib/web_console/middleware.rb:18:in `call'
actionpack (5.0.2) lib/action_dispatch/middleware/show_exceptions.rb:31:in `call'
railties (5.0.2) lib/rails/rack/logger.rb:36:in `call_app'
railties (5.0.2) lib/rails/rack/logger.rb:24:in `block in call'
activesupport (5.0.2) lib/active_support/tagged_logging.rb:69:in `block in tagged'
activesupport (5.0.2) lib/active_support/tagged_logging.rb:26:in `tagged'
activesupport (5.0.2) lib/active_support/tagged_logging.rb:69:in `tagged'
railties (5.0.2) lib/rails/rack/logger.rb:24:in `call'
sprockets-rails (3.2.0) lib/sprockets/rails/quiet_assets.rb:13:in `call'
actionpack (5.0.2) lib/action_dispatch/middleware/request_id.rb:24:in `call'
rack (2.0.1) lib/rack/method_override.rb:22:in `call'
rack (2.0.1) lib/rack/runtime.rb:22:in `call'
activesupport (5.0.2) lib/active_support/cache/strategy/local_cache_middleware.rb:28:in `call'
actionpack (5.0.2) lib/action_dispatch/middleware/executor.rb:12:in `call'
actionpack (5.0.2) lib/action_dispatch/middleware/static.rb:136:in `call'
rack (2.0.1) lib/rack/sendfile.rb:111:in `call'
railties (5.0.2) lib/rails/engine.rb:522:in `call'
puma (3.8.2) lib/puma/configuration.rb:224:in `call'
puma (3.8.2) lib/puma/server.rb:600:in `handle_request'
puma (3.8.2) lib/puma/server.rb:435:in `process_client'
puma (3.8.2) lib/puma/server.rb:299:in `block in run'
puma (3.8.2) lib/puma/thread_pool.rb:120:in `block in spawn_thread'
  Rendering /usr/lib/ruby/gems/2.4.0/gems/actionpack-5.0.2/lib/action_dispatch/middleware/templates/rescues/routing_error.html.erb within rescues/layout
  Rendering /usr/lib/ruby/gems/2.4.0/gems/actionpack-5.0.2/lib/action_dispatch/middleware/templates/rescues/_trace.html.erb
  Rendered /usr/lib/ruby/gems/2.4.0/gems/actionpack-5.0.2/lib/action_dispatch/middleware/templates/rescues/_trace.html.erb (2.5ms)
  Rendered collection of /usr/lib/ruby/gems/2.4.0/gems/actionpack-5.0.2/lib/action_dispatch/middleware/templates/routes/_route.html.erb [5 times] (3.4ms)
  Rendered /usr/lib/ruby/gems/2.4.0/gems/actionpack-5.0.2/lib/action_dispatch/middleware/templates/routes/_table.html.erb (2.3ms)
  Rendering /usr/lib/ruby/gems/2.4.0/gems/actionpack-5.0.2/lib/action_dispatch/middleware/templates/rescues/_request_and_response.html.erb
  Rendered /usr/lib/ruby/gems/2.4.0/gems/actionpack-5.0.2/lib/action_dispatch/middleware/templates/rescues/_request_and_response.html.erb (1.7ms)
  Rendered /usr/lib/ruby/gems/2.4.0/gems/actionpack-5.0.2/lib/action_dispatch/middleware/templates/rescues/routing_error.html.erb within rescues/layout (43.5ms)
Started GET "/" for ::1 at 2017-03-21 23:52:56 +0500
Processing by StaticPagesController#home as HTML
  Rendering static_pages/home.html.erb within layouts/application
  Rendered static_pages/home.html.erb within layouts/application (139.4ms)
Completed 200 OK in 271ms (Views: 269.7ms | ActiveRecord: 0.0ms)


Started GET "/" for ::1 at 2017-03-21 23:54:08 +0500
Processing by StaticPagesController#home as HTML
  Rendering static_pages/home.html.erb within layouts/application
  Rendered static_pages/home.html.erb within layouts/application (0.9ms)
Completed 500 Internal Server Error in 4ms (ActiveRecord: 0.0ms)


  
SyntaxError (/home/buba/ror_projects/rails_tutor_hartl/sample_app/app/views/static_pages/home.html.erb:13: syntax error, unexpected tIDENTIFIER, expecting ')'
rails-logo.svg", height: 200px, alt: "Rails logo"),
                              ^
/home/buba/ror_projects/rails_tutor_hartl/sample_app/app/views/static_pages/home.html.erb:14: syntax error, unexpected ')', expecting keyword_end
    'http://rubyonrails.org' );@output_buffer.safe_append='
                              ^):
  
app/views/static_pages/home.html.erb:13: syntax error, unexpected tIDENTIFIER, expecting ')'
app/views/static_pages/home.html.erb:14: syntax error, unexpected ')', expecting keyword_end
  Rendering /usr/lib/ruby/gems/2.4.0/gems/actionpack-5.0.2/lib/action_dispatch/middleware/templates/rescues/diagnostics.html.erb within rescues/layout
  Rendering /usr/lib/ruby/gems/2.4.0/gems/actionpack-5.0.2/lib/action_dispatch/middleware/templates/rescues/_source.html.erb
  Rendered /usr/lib/ruby/gems/2.4.0/gems/actionpack-5.0.2/lib/action_dispatch/middleware/templates/rescues/_source.html.erb (8.6ms)
  Rendering /usr/lib/ruby/gems/2.4.0/gems/actionpack-5.0.2/lib/action_dispatch/middleware/templates/rescues/_trace.html.erb
  Rendered /usr/lib/ruby/gems/2.4.0/gems/actionpack-5.0.2/lib/action_dispatch/middleware/templates/rescues/_trace.html.erb (2.7ms)
  Rendering /usr/lib/ruby/gems/2.4.0/gems/actionpack-5.0.2/lib/action_dispatch/middleware/templates/rescues/_request_and_response.html.erb
  Rendered /usr/lib/ruby/gems/2.4.0/gems/actionpack-5.0.2/lib/action_dispatch/middleware/templates/rescues/_request_and_response.html.erb (1.2ms)
  Rendered /usr/lib/ruby/gems/2.4.0/gems/actionpack-5.0.2/lib/action_dispatch/middleware/templates/rescues/diagnostics.html.erb within rescues/layout (31.9ms)
Started GET "/" for ::1 at 2017-03-21 23:55:39 +0500
Processing by StaticPagesController#home as HTML
  Rendering static_pages/home.html.erb within layouts/application
  Rendered static_pages/home.html.erb within layouts/application (1.9ms)
Completed 500 Internal Server Error in 5ms (ActiveRecord: 0.0ms)


  
ActionView::Template::Error (wrong number of arguments (given 4, expected 1..2)):
    10:   <%= link_to "Sign up now!", '#', class: "btn btn-lg bt-primary" %>
    11: </div>
    12: 
    13: <%= link_to image_tag("rails-logo.svg", width="350", height="250" , alt: "Rails logo"),
    14:             'http://rubyonrails.org' %>
  
app/views/static_pages/home.html.erb:13:in `_app_views_static_pages_home_html_erb___101235791571415281_70043988656400'
  Rendering /usr/lib/ruby/gems/2.4.0/gems/actionpack-5.0.2/lib/action_dispatch/middleware/templates/rescues/template_error.html.erb within rescues/layout
  Rendering /usr/lib/ruby/gems/2.4.0/gems/actionpack-5.0.2/lib/action_dispatch/middleware/templates/rescues/_source.html.erb
  Rendered /usr/lib/ruby/gems/2.4.0/gems/actionpack-5.0.2/lib/action_dispatch/middleware/templates/rescues/_source.html.erb (9.6ms)
  Rendering /usr/lib/ruby/gems/2.4.0/gems/actionpack-5.0.2/lib/action_dispatch/middleware/templates/rescues/_trace.html.erb
  Rendered /usr/lib/ruby/gems/2.4.0/gems/actionpack-5.0.2/lib/action_dispatch/middleware/templates/rescues/_trace.html.erb (3.0ms)
  Rendering /usr/lib/ruby/gems/2.4.0/gems/actionpack-5.0.2/lib/action_dispatch/middleware/templates/rescues/_request_and_response.html.erb
  Rendered /usr/lib/ruby/gems/2.4.0/gems/actionpack-5.0.2/lib/action_dispatch/middleware/templates/rescues/_request_and_response.html.erb (1.4ms)
  Rendered /usr/lib/ruby/gems/2.4.0/gems/actionpack-5.0.2/lib/action_dispatch/middleware/templates/rescues/template_error.html.erb within rescues/layout (36.1ms)
Started GET "/" for ::1 at 2017-03-21 23:55:48 +0500
Processing by StaticPagesController#home as HTML
  Rendering static_pages/home.html.erb within layouts/application
  Rendered static_pages/home.html.erb within layouts/application (0.8ms)
Completed 500 Internal Server Error in 4ms (ActiveRecord: 0.0ms)


  
SyntaxError (/home/buba/ror_projects/rails_tutor_hartl/sample_app/app/views/static_pages/home.html.erb:13: syntax error, unexpected tIDENTIFIER, expecting ')'
-logo.svg", width="350" height="250" , alt: "Rails logo"),
                              ^
/home/buba/ror_projects/rails_tutor_hartl/sample_app/app/views/static_pages/home.html.erb:13: syntax error, unexpected tLABEL
idth="350" height="250" , alt: "Rails logo"),
                              ^
/home/buba/ror_projects/rails_tutor_hartl/sample_app/app/views/static_pages/home.html.erb:14: syntax error, unexpected ')', expecting keyword_end
    'http://rubyonrails.org' );@output_buffer.safe_append='
                              ^):
  
app/views/static_pages/home.html.erb:13: syntax error, unexpected tIDENTIFIER, expecting ')'
app/views/static_pages/home.html.erb:13: syntax error, unexpected tLABEL
app/views/static_pages/home.html.erb:14: syntax error, unexpected ')', expecting keyword_end
  Rendering /usr/lib/ruby/gems/2.4.0/gems/actionpack-5.0.2/lib/action_dispatch/middleware/templates/rescues/diagnostics.html.erb within rescues/layout
  Rendering /usr/lib/ruby/gems/2.4.0/gems/actionpack-5.0.2/lib/action_dispatch/middleware/templates/rescues/_source.html.erb
  Rendered /usr/lib/ruby/gems/2.4.0/gems/actionpack-5.0.2/lib/action_dispatch/middleware/templates/rescues/_source.html.erb (11.3ms)
  Rendering /usr/lib/ruby/gems/2.4.0/gems/actionpack-5.0.2/lib/action_dispatch/middleware/templates/rescues/_trace.html.erb
  Rendered /usr/lib/ruby/gems/2.4.0/gems/actionpack-5.0.2/lib/action_dispatch/middleware/templates/rescues/_trace.html.erb (5.0ms)
  Rendering /usr/lib/ruby/gems/2.4.0/gems/actionpack-5.0.2/lib/action_dispatch/middleware/templates/rescues/_request_and_response.html.erb
  Rendered /usr/lib/ruby/gems/2.4.0/gems/actionpack-5.0.2/lib/action_dispatch/middleware/templates/rescues/_request_and_response.html.erb (0.8ms)
  Rendered /usr/lib/ruby/gems/2.4.0/gems/actionpack-5.0.2/lib/action_dispatch/middleware/templates/rescues/diagnostics.html.erb within rescues/layout (41.3ms)
Started GET "/" for ::1 at 2017-03-21 23:56:12 +0500
Processing by StaticPagesController#home as HTML
  Rendering static_pages/home.html.erb within layouts/application
  Rendered static_pages/home.html.erb within layouts/application (1.1ms)
Completed 500 Internal Server Error in 4ms (ActiveRecord: 0.0ms)


  
SyntaxError (/home/buba/ror_projects/rails_tutor_hartl/sample_app/app/views/static_pages/home.html.erb:13: syntax error, unexpected tIDENTIFIER, expecting ')'
ils logo"), width="350" height="250"
                              ^):
  
app/views/static_pages/home.html.erb:13: syntax error, unexpected tIDENTIFIER, expecting ')'
  Rendering /usr/lib/ruby/gems/2.4.0/gems/actionpack-5.0.2/lib/action_dispatch/middleware/templates/rescues/diagnostics.html.erb within rescues/layout
  Rendering /usr/lib/ruby/gems/2.4.0/gems/actionpack-5.0.2/lib/action_dispatch/middleware/templates/rescues/_source.html.erb
  Rendered /usr/lib/ruby/gems/2.4.0/gems/actionpack-5.0.2/lib/action_dispatch/middleware/templates/rescues/_source.html.erb (10.4ms)
  Rendering /usr/lib/ruby/gems/2.4.0/gems/actionpack-5.0.2/lib/action_dispatch/middleware/templates/rescues/_trace.html.erb
  Rendered /usr/lib/ruby/gems/2.4.0/gems/actionpack-5.0.2/lib/action_dispatch/middleware/templates/rescues/_trace.html.erb (3.2ms)
  Rendering /usr/lib/ruby/gems/2.4.0/gems/actionpack-5.0.2/lib/action_dispatch/middleware/templates/rescues/_request_and_response.html.erb
  Rendered /usr/lib/ruby/gems/2.4.0/gems/actionpack-5.0.2/lib/action_dispatch/middleware/templates/rescues/_request_and_response.html.erb (1.0ms)
  Rendered /usr/lib/ruby/gems/2.4.0/gems/actionpack-5.0.2/lib/action_dispatch/middleware/templates/rescues/diagnostics.html.erb within rescues/layout (34.6ms)
Started GET "/" for ::1 at 2017-03-21 23:56:23 +0500
Processing by StaticPagesController#home as HTML
  Rendering static_pages/home.html.erb within layouts/application
  Rendered static_pages/home.html.erb within layouts/application (2.7ms)
Completed 200 OK in 101ms (Views: 99.2ms | ActiveRecord: 0.0ms)


Started GET "/" for ::1 at 2017-03-21 23:56:30 +0500
Processing by StaticPagesController#home as HTML
  Rendering static_pages/home.html.erb within layouts/application
  Rendered static_pages/home.html.erb within layouts/application (2.0ms)
Completed 200 OK in 54ms (Views: 53.3ms | ActiveRecord: 0.0ms)


Started GET "/" for ::1 at 2017-03-21 23:56:41 +0500
Processing by StaticPagesController#home as HTML
  Rendering static_pages/home.html.erb within layouts/application
  Rendered static_pages/home.html.erb within layouts/application (8.7ms)
Completed 500 Internal Server Error in 12ms (ActiveRecord: 0.0ms)


  
ActionView::Template::Error (undefined method `stringify_keys' for "250":String):
    10:   <%= link_to "Sign up now!", '#', class: "btn btn-lg bt-primary" %>
    11: </div>
    12: 
    13: <%= link_to image_tag("rails-logo.svg", alt: "Rails logo"), width="350", height="250"
    14:             'http://rubyonrails.org' %>
  
app/views/static_pages/home.html.erb:13:in `_app_views_static_pages_home_html_erb___101235791571415281_70043937416460'
  Rendering /usr/lib/ruby/gems/2.4.0/gems/actionpack-5.0.2/lib/action_dispatch/middleware/templates/rescues/template_error.html.erb within rescues/layout
  Rendering /usr/lib/ruby/gems/2.4.0/gems/actionpack-5.0.2/lib/action_dispatch/middleware/templates/rescues/_source.html.erb
  Rendered /usr/lib/ruby/gems/2.4.0/gems/actionpack-5.0.2/lib/action_dispatch/middleware/templates/rescues/_source.html.erb (21.4ms)
  Rendering /usr/lib/ruby/gems/2.4.0/gems/actionpack-5.0.2/lib/action_dispatch/middleware/templates/rescues/_trace.html.erb
  Rendered /usr/lib/ruby/gems/2.4.0/gems/actionpack-5.0.2/lib/action_dispatch/middleware/templates/rescues/_trace.html.erb (4.5ms)
  Rendering /usr/lib/ruby/gems/2.4.0/gems/actionpack-5.0.2/lib/action_dispatch/middleware/templates/rescues/_request_and_response.html.erb
  Rendered /usr/lib/ruby/gems/2.4.0/gems/actionpack-5.0.2/lib/action_dispatch/middleware/templates/rescues/_request_and_response.html.erb (1.3ms)
  Rendered /usr/lib/ruby/gems/2.4.0/gems/actionpack-5.0.2/lib/action_dispatch/middleware/templates/rescues/template_error.html.erb within rescues/layout (54.9ms)
Started GET "/" for ::1 at 2017-03-21 23:56:47 +0500
Processing by StaticPagesController#home as HTML
  Rendering static_pages/home.html.erb within layouts/application
  Rendered static_pages/home.html.erb within layouts/application (3.9ms)
Completed 500 Internal Server Error in 8ms (ActiveRecord: 0.0ms)


  
ActionView::Template::Error (wrong number of arguments (given 4, expected 0..3)):
    10:   <%= link_to "Sign up now!", '#', class: "btn btn-lg bt-primary" %>
    11: </div>
    12: 
    13: <%= link_to image_tag("rails-logo.svg", alt: "Rails logo"), width="350", height="250",
    14:             'http://rubyonrails.org' %>
  
app/views/static_pages/home.html.erb:13:in `_app_views_static_pages_home_html_erb___101235791571415281_70043870371460'
  Rendering /usr/lib/ruby/gems/2.4.0/gems/actionpack-5.0.2/lib/action_dispatch/middleware/templates/rescues/template_error.html.erb within rescues/layout
  Rendering /usr/lib/ruby/gems/2.4.0/gems/actionpack-5.0.2/lib/action_dispatch/middleware/templates/rescues/_source.html.erb
  Rendered /usr/lib/ruby/gems/2.4.0/gems/actionpack-5.0.2/lib/action_dispatch/middleware/templates/rescues/_source.html.erb (15.4ms)
  Rendering /usr/lib/ruby/gems/2.4.0/gems/actionpack-5.0.2/lib/action_dispatch/middleware/templates/rescues/_trace.html.erb
  Rendered /usr/lib/ruby/gems/2.4.0/gems/actionpack-5.0.2/lib/action_dispatch/middleware/templates/rescues/_trace.html.erb (4.7ms)
  Rendering /usr/lib/ruby/gems/2.4.0/gems/actionpack-5.0.2/lib/action_dispatch/middleware/templates/rescues/_request_and_response.html.erb
  Rendered /usr/lib/ruby/gems/2.4.0/gems/actionpack-5.0.2/lib/action_dispatch/middleware/templates/rescues/_request_and_response.html.erb (1.8ms)
  Rendered /usr/lib/ruby/gems/2.4.0/gems/actionpack-5.0.2/lib/action_dispatch/middleware/templates/rescues/template_error.html.erb within rescues/layout (41.7ms)
Started GET "/" for ::1 at 2017-03-21 23:56:56 +0500
Processing by StaticPagesController#home as HTML
  Rendering static_pages/home.html.erb within layouts/application
  Rendered static_pages/home.html.erb within layouts/application (2.5ms)
Completed 500 Internal Server Error in 6ms (ActiveRecord: 0.0ms)


  
ActionView::Template::Error (wrong number of arguments (given 4, expected 0..3)):
    10:   <%= link_to "Sign up now!", '#', class: "btn btn-lg bt-primary" %>
    11: </div>
    12: 
    13: <%= link_to image_tag("rails-logo.svg", alt: "Rails logo"), width="350", height="250", 'http://rubyonrails.org' %>
  
app/views/static_pages/home.html.erb:13:in `_app_views_static_pages_home_html_erb___101235791571415281_70043937384360'
  Rendering /usr/lib/ruby/gems/2.4.0/gems/actionpack-5.0.2/lib/action_dispatch/middleware/templates/rescues/template_error.html.erb within rescues/layout
  Rendering /usr/lib/ruby/gems/2.4.0/gems/actionpack-5.0.2/lib/action_dispatch/middleware/templates/rescues/_source.html.erb
  Rendered /usr/lib/ruby/gems/2.4.0/gems/actionpack-5.0.2/lib/action_dispatch/middleware/templates/rescues/_source.html.erb (22.7ms)
  Rendering /usr/lib/ruby/gems/2.4.0/gems/actionpack-5.0.2/lib/action_dispatch/middleware/templates/rescues/_trace.html.erb
  Rendered /usr/lib/ruby/gems/2.4.0/gems/actionpack-5.0.2/lib/action_dispatch/middleware/templates/rescues/_trace.html.erb (3.4ms)
  Rendering /usr/lib/ruby/gems/2.4.0/gems/actionpack-5.0.2/lib/action_dispatch/middleware/templates/rescues/_request_and_response.html.erb
  Rendered /usr/lib/ruby/gems/2.4.0/gems/actionpack-5.0.2/lib/action_dispatch/middleware/templates/rescues/_request_and_response.html.erb (0.8ms)
  Rendered /usr/lib/ruby/gems/2.4.0/gems/actionpack-5.0.2/lib/action_dispatch/middleware/templates/rescues/template_error.html.erb within rescues/layout (50.7ms)
Started GET "/" for ::1 at 2017-03-21 23:57:53 +0500
Processing by StaticPagesController#home as HTML
  Rendering static_pages/home.html.erb within layouts/application
  Rendered static_pages/home.html.erb within layouts/application (2.7ms)
Completed 500 Internal Server Error in 7ms (ActiveRecord: 0.0ms)


  
ActionView::Template::Error (wrong number of arguments (given 4, expected 1..2)):
    10:   <%= link_to "Sign up now!", '#', class: "btn btn-lg bt-primary" %>
    11: </div>
    12: 
    13: <%= link_to image_tag("rails-logo.svg",width="350", height="250", alt: "Rails logo"), 'http://rubyonrails.org' %>
  
app/views/static_pages/home.html.erb:13:in `_app_views_static_pages_home_html_erb___101235791571415281_70043870327860'
  Rendering /usr/lib/ruby/gems/2.4.0/gems/actionpack-5.0.2/lib/action_dispatch/middleware/templates/rescues/template_error.html.erb within rescues/layout
  Rendering /usr/lib/ruby/gems/2.4.0/gems/actionpack-5.0.2/lib/action_dispatch/middleware/templates/rescues/_source.html.erb
  Rendered /usr/lib/ruby/gems/2.4.0/gems/actionpack-5.0.2/lib/action_dispatch/middleware/templates/rescues/_source.html.erb (16.7ms)
  Rendering /usr/lib/ruby/gems/2.4.0/gems/actionpack-5.0.2/lib/action_dispatch/middleware/templates/rescues/_trace.html.erb
  Rendered /usr/lib/ruby/gems/2.4.0/gems/actionpack-5.0.2/lib/action_dispatch/middleware/templates/rescues/_trace.html.erb (3.5ms)
  Rendering /usr/lib/ruby/gems/2.4.0/gems/actionpack-5.0.2/lib/action_dispatch/middleware/templates/rescues/_request_and_response.html.erb
  Rendered /usr/lib/ruby/gems/2.4.0/gems/actionpack-5.0.2/lib/action_dispatch/middleware/templates/rescues/_request_and_response.html.erb (1.4ms)
  Rendered /usr/lib/ruby/gems/2.4.0/gems/actionpack-5.0.2/lib/action_dispatch/middleware/templates/rescues/template_error.html.erb within rescues/layout (42.0ms)
Started GET "/" for ::1 at 2017-03-21 23:58:15 +0500
Processing by StaticPagesController#home as HTML
  Rendering static_pages/home.html.erb within layouts/application
  Rendered static_pages/home.html.erb within layouts/application (1.2ms)
Completed 500 Internal Server Error in 5ms (ActiveRecord: 0.0ms)


  
SyntaxError (/home/buba/ror_projects/rails_tutor_hartl/sample_app/app/views/static_pages/home.html.erb:13: syntax error, unexpected tIDENTIFIER, expecting ')'
s-logo.svg",width="220" height="78" alt: "Rails logo"), 'htt
                              ^
/home/buba/ror_projects/rails_tutor_hartl/sample_app/app/views/static_pages/home.html.erb:13: syntax error, unexpected tIDENTIFIER, expecting ')'
g",width="220" height="78" alt: "Rails logo"), 'http://rubyo
                              ^
/home/buba/ror_projects/rails_tutor_hartl/sample_app/app/views/static_pages/home.html.erb:13: syntax error, unexpected ')', expecting keyword_end
"), 'http://rubyonrails.org' );@output_buffer.safe_append='
                              ^):
  
app/views/static_pages/home.html.erb:13: syntax error, unexpected tIDENTIFIER, expecting ')'
app/views/static_pages/home.html.erb:13: syntax error, unexpected tIDENTIFIER, expecting ')'
app/views/static_pages/home.html.erb:13: syntax error, unexpected ')', expecting keyword_end
  Rendering /usr/lib/ruby/gems/2.4.0/gems/actionpack-5.0.2/lib/action_dispatch/middleware/templates/rescues/diagnostics.html.erb within rescues/layout
  Rendering /usr/lib/ruby/gems/2.4.0/gems/actionpack-5.0.2/lib/action_dispatch/middleware/templates/rescues/_source.html.erb
  Rendered /usr/lib/ruby/gems/2.4.0/gems/actionpack-5.0.2/lib/action_dispatch/middleware/templates/rescues/_source.html.erb (9.3ms)
  Rendering /usr/lib/ruby/gems/2.4.0/gems/actionpack-5.0.2/lib/action_dispatch/middleware/templates/rescues/_trace.html.erb
  Rendered /usr/lib/ruby/gems/2.4.0/gems/actionpack-5.0.2/lib/action_dispatch/middleware/templates/rescues/_trace.html.erb (3.8ms)
  Rendering /usr/lib/ruby/gems/2.4.0/gems/actionpack-5.0.2/lib/action_dispatch/middleware/templates/rescues/_request_and_response.html.erb
  Rendered /usr/lib/ruby/gems/2.4.0/gems/actionpack-5.0.2/lib/action_dispatch/middleware/templates/rescues/_request_and_response.html.erb (0.9ms)
  Rendered /usr/lib/ruby/gems/2.4.0/gems/actionpack-5.0.2/lib/action_dispatch/middleware/templates/rescues/diagnostics.html.erb within rescues/layout (33.9ms)
Started GET "/" for ::1 at 2017-03-22 00:00:14 +0500
Processing by StaticPagesController#home as HTML
  Rendering static_pages/home.html.erb within layouts/application
  Rendered static_pages/home.html.erb within layouts/application (0.8ms)
Completed 500 Internal Server Error in 4ms (ActiveRecord: 0.0ms)


  
SyntaxError (/home/buba/ror_projects/rails_tutor_hartl/sample_app/app/views/static_pages/home.html.erb:13: syntax error, unexpected tIDENTIFIER, expecting ')'
s-logo.svg",width="220" height="78" alt: "Rails logo"), 'htt
                              ^
/home/buba/ror_projects/rails_tutor_hartl/sample_app/app/views/static_pages/home.html.erb:13: syntax error, unexpected tIDENTIFIER, expecting ')'
g",width="220" height="78" alt: "Rails logo"), 'http://rubyo
                              ^
/home/buba/ror_projects/rails_tutor_hartl/sample_app/app/views/static_pages/home.html.erb:13: syntax error, unexpected ')', expecting keyword_end
"), 'http://rubyonrails.org' );@output_buffer.safe_append='
                              ^):
  
app/views/static_pages/home.html.erb:13: syntax error, unexpected tIDENTIFIER, expecting ')'
app/views/static_pages/home.html.erb:13: syntax error, unexpected tIDENTIFIER, expecting ')'
app/views/static_pages/home.html.erb:13: syntax error, unexpected ')', expecting keyword_end
  Rendering /usr/lib/ruby/gems/2.4.0/gems/actionpack-5.0.2/lib/action_dispatch/middleware/templates/rescues/diagnostics.html.erb within rescues/layout
  Rendering /usr/lib/ruby/gems/2.4.0/gems/actionpack-5.0.2/lib/action_dispatch/middleware/templates/rescues/_source.html.erb
  Rendered /usr/lib/ruby/gems/2.4.0/gems/actionpack-5.0.2/lib/action_dispatch/middleware/templates/rescues/_source.html.erb (8.5ms)
  Rendering /usr/lib/ruby/gems/2.4.0/gems/actionpack-5.0.2/lib/action_dispatch/middleware/templates/rescues/_trace.html.erb
  Rendered /usr/lib/ruby/gems/2.4.0/gems/actionpack-5.0.2/lib/action_dispatch/middleware/templates/rescues/_trace.html.erb (2.7ms)
  Rendering /usr/lib/ruby/gems/2.4.0/gems/actionpack-5.0.2/lib/action_dispatch/middleware/templates/rescues/_request_and_response.html.erb
  Rendered /usr/lib/ruby/gems/2.4.0/gems/actionpack-5.0.2/lib/action_dispatch/middleware/templates/rescues/_request_and_response.html.erb (1.3ms)
  Rendered /usr/lib/ruby/gems/2.4.0/gems/actionpack-5.0.2/lib/action_dispatch/middleware/templates/rescues/diagnostics.html.erb within rescues/layout (31.5ms)
Started GET "/" for ::1 at 2017-03-22 00:00:22 +0500
Processing by StaticPagesController#home as HTML
  Rendering static_pages/home.html.erb within layouts/application
  Rendered static_pages/home.html.erb within layouts/application (0.8ms)
Completed 500 Internal Server Error in 4ms (ActiveRecord: 0.0ms)


  
SyntaxError (/home/buba/ror_projects/rails_tutor_hartl/sample_app/app/views/static_pages/home.html.erb:13: syntax error, unexpected tIDENTIFIER, expecting ')'
-logo.svg", width="220" height="78" alt: "Rails logo"), 'htt
                              ^
/home/buba/ror_projects/rails_tutor_hartl/sample_app/app/views/static_pages/home.html.erb:13: syntax error, unexpected tIDENTIFIER, expecting ')'
", width="220" height="78" alt: "Rails logo"), 'http://rubyo
                              ^
/home/buba/ror_projects/rails_tutor_hartl/sample_app/app/views/static_pages/home.html.erb:13: syntax error, unexpected ')', expecting keyword_end
"), 'http://rubyonrails.org' );@output_buffer.safe_append='
                              ^):
  
app/views/static_pages/home.html.erb:13: syntax error, unexpected tIDENTIFIER, expecting ')'
app/views/static_pages/home.html.erb:13: syntax error, unexpected tIDENTIFIER, expecting ')'
app/views/static_pages/home.html.erb:13: syntax error, unexpected ')', expecting keyword_end
  Rendering /usr/lib/ruby/gems/2.4.0/gems/actionpack-5.0.2/lib/action_dispatch/middleware/templates/rescues/diagnostics.html.erb within rescues/layout
  Rendering /usr/lib/ruby/gems/2.4.0/gems/actionpack-5.0.2/lib/action_dispatch/middleware/templates/rescues/_source.html.erb
  Rendered /usr/lib/ruby/gems/2.4.0/gems/actionpack-5.0.2/lib/action_dispatch/middleware/templates/rescues/_source.html.erb (7.4ms)
  Rendering /usr/lib/ruby/gems/2.4.0/gems/actionpack-5.0.2/lib/action_dispatch/middleware/templates/rescues/_trace.html.erb
  Rendered /usr/lib/ruby/gems/2.4.0/gems/actionpack-5.0.2/lib/action_dispatch/middleware/templates/rescues/_trace.html.erb (3.3ms)
  Rendering /usr/lib/ruby/gems/2.4.0/gems/actionpack-5.0.2/lib/action_dispatch/middleware/templates/rescues/_request_and_response.html.erb
  Rendered /usr/lib/ruby/gems/2.4.0/gems/actionpack-5.0.2/lib/action_dispatch/middleware/templates/rescues/_request_and_response.html.erb (0.9ms)
  Rendered /usr/lib/ruby/gems/2.4.0/gems/actionpack-5.0.2/lib/action_dispatch/middleware/templates/rescues/diagnostics.html.erb within rescues/layout (29.9ms)
Started GET "/" for ::1 at 2017-03-22 00:01:20 +0500
Processing by StaticPagesController#home as HTML
  Rendering static_pages/home.html.erb within layouts/application
  Rendered static_pages/home.html.erb within layouts/application (4.3ms)
Completed 200 OK in 113ms (Views: 111.6ms | ActiveRecord: 0.0ms)


Started GET "/" for ::1 at 2017-03-22 00:06:40 +0500
Processing by StaticPagesController#home as HTML
  Rendering static_pages/home.html.erb within layouts/application
  Rendered static_pages/home.html.erb within layouts/application (2.4ms)
Completed 200 OK in 4085ms (Views: 4083.4ms | ActiveRecord: 0.0ms)


Started GET "/" for ::1 at 2017-03-22 00:06:55 +0500
Processing by StaticPagesController#home as HTML
  Rendering static_pages/home.html.erb within layouts/application
  Rendered static_pages/home.html.erb within layouts/application (1.8ms)
Completed 200 OK in 63ms (Views: 62.2ms | ActiveRecord: 0.0ms)


Started GET "/" for ::1 at 2017-03-22 00:07:10 +0500
Processing by StaticPagesController#home as HTML
  Rendering static_pages/home.html.erb within layouts/application
  Rendered static_pages/home.html.erb within layouts/application (3.4ms)
Completed 200 OK in 103ms (Views: 101.9ms | ActiveRecord: 0.0ms)


Started GET "/" for ::1 at 2017-03-22 00:07:11 +0500
Processing by StaticPagesController#home as HTML
  Rendering static_pages/home.html.erb within layouts/application
  Rendered static_pages/home.html.erb within layouts/application (6.0ms)
Completed 200 OK in 100ms (Views: 98.5ms | ActiveRecord: 0.0ms)


Started GET "/" for ::1 at 2017-03-22 00:07:12 +0500
Processing by StaticPagesController#home as HTML
  Rendering static_pages/home.html.erb within layouts/application
  Rendered static_pages/home.html.erb within layouts/application (3.4ms)
Completed 200 OK in 95ms (Views: 93.7ms | ActiveRecord: 0.0ms)


Started GET "/" for ::1 at 2017-03-22 00:07:12 +0500
Processing by StaticPagesController#home as HTML
  Rendering static_pages/home.html.erb within layouts/application
  Rendered static_pages/home.html.erb within layouts/application (2.1ms)
Completed 200 OK in 105ms (Views: 103.3ms | ActiveRecord: 0.0ms)


Started GET "/" for ::1 at 2017-03-22 00:07:12 +0500
Processing by StaticPagesController#home as HTML
  Rendering static_pages/home.html.erb within layouts/application
  Rendered static_pages/home.html.erb within layouts/application (3.0ms)
Completed 200 OK in 100ms (Views: 98.2ms | ActiveRecord: 0.0ms)


Started GET "/" for ::1 at 2017-03-22 00:07:42 +0500
Processing by StaticPagesController#home as HTML
  Rendering static_pages/home.html.erb within layouts/application
  Rendered static_pages/home.html.erb within layouts/application (2.7ms)
Completed 200 OK in 63ms (Views: 61.5ms | ActiveRecord: 0.0ms)


Started GET "/" for ::1 at 2017-03-22 00:13:45 +0500
Processing by StaticPagesController#home as HTML
  Rendering static_pages/home.html.erb within layouts/application
  Rendered static_pages/home.html.erb within layouts/application (2.0ms)
Completed 200 OK in 1824ms (Views: 1822.9ms | ActiveRecord: 0.0ms)


Started GET "/" for ::1 at 2017-03-22 00:14:42 +0500
Processing by StaticPagesController#home as HTML
  Rendering static_pages/home.html.erb within layouts/application
  Rendered static_pages/home.html.erb within layouts/application (2.3ms)
Completed 200 OK in 84ms (Views: 82.5ms | ActiveRecord: 0.0ms)


Started GET "/" for ::1 at 2017-03-22 00:15:26 +0500
Processing by StaticPagesController#home as HTML
  Rendering static_pages/home.html.erb within layouts/application
  Rendered static_pages/home.html.erb within layouts/application (2.7ms)
Completed 200 OK in 106ms (Views: 104.9ms | ActiveRecord: 0.0ms)


Started GET "/" for ::1 at 2017-03-22 00:17:39 +0500
Processing by StaticPagesController#home as HTML
  Rendering static_pages/home.html.erb within layouts/application
  Rendered static_pages/home.html.erb within layouts/application (2.1ms)
Completed 200 OK in 1824ms (Views: 1823.2ms | ActiveRecord: 0.0ms)


Started GET "/" for ::1 at 2017-03-22 00:18:03 +0500
Processing by StaticPagesController#home as HTML
  Rendering static_pages/home.html.erb within layouts/application
  Rendered static_pages/home.html.erb within layouts/application (6.0ms)
Completed 200 OK in 98ms (Views: 96.3ms | ActiveRecord: 0.0ms)


Started GET "/" for ::1 at 2017-03-22 00:18:08 +0500
Processing by StaticPagesController#home as HTML
  Rendering static_pages/home.html.erb within layouts/application
  Rendered static_pages/home.html.erb within layouts/application (3.9ms)
Completed 200 OK in 105ms (Views: 103.4ms | ActiveRecord: 0.0ms)


Started GET "/" for ::1 at 2017-03-22 00:18:09 +0500
Processing by StaticPagesController#home as HTML
  Rendering static_pages/home.html.erb within layouts/application
  Rendered static_pages/home.html.erb within layouts/application (2.9ms)
Completed 200 OK in 106ms (Views: 105.0ms | ActiveRecord: 0.0ms)


Started GET "/" for ::1 at 2017-03-22 00:18:13 +0500
Processing by StaticPagesController#home as HTML
  Rendering static_pages/home.html.erb within layouts/application
  Rendered static_pages/home.html.erb within layouts/application (3.9ms)
Completed 200 OK in 96ms (Views: 93.3ms | ActiveRecord: 0.0ms)


Started GET "/" for ::1 at 2017-03-22 00:18:13 +0500
Processing by StaticPagesController#home as HTML
  Rendering static_pages/home.html.erb within layouts/application
  Rendered static_pages/home.html.erb within layouts/application (3.8ms)
Completed 200 OK in 82ms (Views: 80.9ms | ActiveRecord: 0.0ms)


Started GET "/" for ::1 at 2017-03-22 00:18:23 +0500
Processing by StaticPagesController#home as HTML
  Rendering static_pages/home.html.erb within layouts/application
  Rendered static_pages/home.html.erb within layouts/application (3.0ms)
Completed 200 OK in 86ms (Views: 85.0ms | ActiveRecord: 0.0ms)


Started GET "/" for ::1 at 2017-03-22 00:18:26 +0500
Processing by StaticPagesController#home as HTML
  Rendering static_pages/home.html.erb within layouts/application
  Rendered static_pages/home.html.erb within layouts/application (2.6ms)
Completed 200 OK in 85ms (Views: 83.6ms | ActiveRecord: 0.0ms)


Started GET "/" for ::1 at 2017-03-22 00:18:54 +0500
Processing by StaticPagesController#home as HTML
  Rendering static_pages/home.html.erb within layouts/application
  Rendered static_pages/home.html.erb within layouts/application (1.8ms)
Completed 200 OK in 63ms (Views: 60.9ms | ActiveRecord: 0.0ms)


Started GET "/" for ::1 at 2017-03-22 00:18:56 +0500
Processing by StaticPagesController#home as HTML
  Rendering static_pages/home.html.erb within layouts/application
  Rendered static_pages/home.html.erb within layouts/application (1.7ms)
Completed 200 OK in 57ms (Views: 56.1ms | ActiveRecord: 0.0ms)


Started GET "/" for ::1 at 2017-03-22 00:19:19 +0500
Processing by StaticPagesController#home as HTML
  Rendering static_pages/home.html.erb within layouts/application
  Rendered static_pages/home.html.erb within layouts/application (2.3ms)
Completed 200 OK in 72ms (Views: 71.1ms | ActiveRecord: 0.0ms)


Started GET "/" for ::1 at 2017-03-22 00:19:29 +0500
Processing by StaticPagesController#home as HTML
  Rendering static_pages/home.html.erb within layouts/application
  Rendered static_pages/home.html.erb within layouts/application (415.8ms)
Completed 200 OK in 509ms (Views: 496.0ms | ActiveRecord: 0.0ms)


Started GET "/" for ::1 at 2017-03-22 00:19:32 +0500
Processing by StaticPagesController#home as HTML
  Rendering static_pages/home.html.erb within layouts/application
  Rendered static_pages/home.html.erb within layouts/application (3.1ms)
Completed 200 OK in 75ms (Views: 73.4ms | ActiveRecord: 0.0ms)


Started GET "/" for ::1 at 2017-03-22 00:20:22 +0500
Processing by StaticPagesController#home as HTML
  Rendering static_pages/home.html.erb within layouts/application
  Rendered static_pages/home.html.erb within layouts/application (1.8ms)
Completed 200 OK in 76ms (Views: 74.0ms | ActiveRecord: 0.0ms)


Started GET "/" for ::1 at 2017-03-22 00:20:29 +0500
Processing by StaticPagesController#home as HTML
  Rendering static_pages/home.html.erb within layouts/application
  Rendered static_pages/home.html.erb within layouts/application (2.4ms)
Completed 200 OK in 67ms (Views: 65.9ms | ActiveRecord: 0.0ms)


Started GET "/" for ::1 at 2017-03-22 00:21:25 +0500
Processing by StaticPagesController#home as HTML
  Rendering static_pages/home.html.erb within layouts/application
  Rendered static_pages/home.html.erb within layouts/application (2.6ms)
Completed 200 OK in 83ms (Views: 81.7ms | ActiveRecord: 0.0ms)


Started GET "/" for ::1 at 2017-03-22 00:21:25 +0500
Processing by StaticPagesController#home as HTML
  Rendering static_pages/home.html.erb within layouts/application
  Rendered static_pages/home.html.erb within layouts/application (3.1ms)
Completed 200 OK in 89ms (Views: 87.0ms | ActiveRecord: 0.0ms)


Started GET "/" for ::1 at 2017-03-22 00:21:26 +0500
Processing by StaticPagesController#home as HTML
  Rendering static_pages/home.html.erb within layouts/application
  Rendered static_pages/home.html.erb within layouts/application (2.7ms)
Completed 200 OK in 75ms (Views: 73.8ms | ActiveRecord: 0.0ms)


Started GET "/" for ::1 at 2017-03-22 00:24:46 +0500
Processing by StaticPagesController#home as HTML
  Rendering static_pages/home.html.erb within layouts/application
  Rendered static_pages/home.html.erb within layouts/application (2.4ms)
Completed 200 OK in 69ms (Views: 67.0ms | ActiveRecord: 0.0ms)


Started GET "/" for ::1 at 2017-03-22 00:29:09 +0500
Processing by StaticPagesController#home as HTML
  Rendering static_pages/home.html.erb within layouts/application
  Rendered static_pages/home.html.erb within layouts/application (2532.7ms)
Completed 200 OK in 2775ms (Views: 2760.0ms | ActiveRecord: 0.0ms)


Started GET "/" for ::1 at 2017-03-22 00:30:41 +0500
Processing by StaticPagesController#home as HTML
  Rendering static_pages/home.html.erb within layouts/application
  Rendered static_pages/home.html.erb within layouts/application (2.7ms)
Completed 200 OK in 186ms (Views: 184.5ms | ActiveRecord: 0.0ms)


Started GET "/" for ::1 at 2017-03-22 00:30:49 +0500
Processing by StaticPagesController#home as HTML
  Rendering static_pages/home.html.erb within layouts/application
  Rendered static_pages/home.html.erb within layouts/application (346.5ms)
Completed 200 OK in 455ms (Views: 443.3ms | ActiveRecord: 0.0ms)


Started GET "/" for ::1 at 2017-03-22 00:30:52 +0500
Processing by StaticPagesController#home as HTML
  Rendering static_pages/home.html.erb within layouts/application
  Rendered static_pages/home.html.erb within layouts/application (3.8ms)
Completed 200 OK in 81ms (Views: 78.9ms | ActiveRecord: 0.0ms)


Started GET "/" for ::1 at 2017-03-22 00:30:52 +0500
Processing by StaticPagesController#home as HTML
  Rendering static_pages/home.html.erb within layouts/application
  Rendered static_pages/home.html.erb within layouts/application (3.3ms)
Completed 200 OK in 78ms (Views: 76.5ms | ActiveRecord: 0.0ms)


Started GET "/static_pages/help" for ::1 at 2017-03-22 00:30:59 +0500
Processing by StaticPagesController#help as HTML
  Rendering static_pages/help.html.erb within layouts/application
  Rendered static_pages/help.html.erb within layouts/application (0.6ms)
Completed 200 OK in 64ms (Views: 62.3ms | ActiveRecord: 0.0ms)


Started GET "/static_pages/help" for ::1 at 2017-03-22 00:31:02 +0500
Processing by StaticPagesController#help as HTML
  Rendering static_pages/help.html.erb within layouts/application
  Rendered static_pages/help.html.erb within layouts/application (0.6ms)
Completed 200 OK in 80ms (Views: 78.8ms | ActiveRecord: 0.0ms)


Started GET "/" for ::1 at 2017-03-22 00:31:05 +0500
Processing by StaticPagesController#home as HTML
  Rendering static_pages/home.html.erb within layouts/application
  Rendered static_pages/home.html.erb within layouts/application (2.4ms)
Completed 200 OK in 69ms (Views: 67.9ms | ActiveRecord: 0.0ms)


Started GET "/" for ::1 at 2017-03-22 00:31:57 +0500
Processing by StaticPagesController#home as HTML
  Rendering static_pages/home.html.erb within layouts/application
  Rendered static_pages/home.html.erb within layouts/application (1.9ms)
Completed 200 OK in 74ms (Views: 73.2ms | ActiveRecord: 0.0ms)


Started GET "/" for ::1 at 2017-03-22 00:32:20 +0500
Processing by StaticPagesController#home as HTML
  Rendering static_pages/home.html.erb within layouts/application
  Rendered static_pages/home.html.erb within layouts/application (2.6ms)
Completed 200 OK in 102ms (Views: 101.0ms | ActiveRecord: 0.0ms)


Started GET "/" for ::1 at 2017-03-22 00:33:01 +0500
Processing by StaticPagesController#home as HTML
  Rendering static_pages/home.html.erb within layouts/application
  Rendered static_pages/home.html.erb within layouts/application (300.0ms)
Completed 200 OK in 435ms (Views: 423.8ms | ActiveRecord: 0.0ms)


Started GET "/" for ::1 at 2017-03-22 00:33:03 +0500
Processing by StaticPagesController#home as HTML
  Rendering static_pages/home.html.erb within layouts/application
  Rendered static_pages/home.html.erb within layouts/application (3.1ms)
Completed 200 OK in 74ms (Views: 72.1ms | ActiveRecord: 0.0ms)


Started GET "/" for ::1 at 2017-03-22 00:33:05 +0500
Processing by StaticPagesController#home as HTML
  Rendering static_pages/home.html.erb within layouts/application
  Rendered static_pages/home.html.erb within layouts/application (2.9ms)
Completed 200 OK in 88ms (Views: 85.8ms | ActiveRecord: 0.0ms)


Started GET "/" for ::1 at 2017-03-22 00:33:47 +0500
Processing by StaticPagesController#home as HTML
  Rendering static_pages/home.html.erb within layouts/application
  Rendered static_pages/home.html.erb within layouts/application (2.6ms)
Completed 200 OK in 71ms (Views: 67.7ms | ActiveRecord: 0.0ms)


Started GET "/" for ::1 at 2017-03-22 00:34:08 +0500
Processing by StaticPagesController#home as HTML
  Rendering static_pages/home.html.erb within layouts/application
  Rendered static_pages/home.html.erb within layouts/application (2.0ms)
Completed 200 OK in 2024ms (Views: 2022.5ms | ActiveRecord: 0.0ms)


Started GET "/" for ::1 at 2017-03-22 00:34:59 +0500
Processing by StaticPagesController#home as HTML
  Rendering static_pages/home.html.erb within layouts/application
  Rendered static_pages/home.html.erb within layouts/application (2.3ms)
Completed 200 OK in 1878ms (Views: 1876.7ms | ActiveRecord: 0.0ms)


Started GET "/" for ::1 at 2017-03-22 01:19:47 +0500
Processing by StaticPagesController#home as HTML
  Rendering static_pages/home.html.erb within layouts/application
  Rendered static_pages/home.html.erb within layouts/application (2.8ms)
Started GET "/" for ::1 at 2017-03-22 01:19:47 +0500
Processing by StaticPagesController#home as HTML
  Rendering static_pages/home.html.erb within layouts/application
Completed 200 OK in 127ms (Views: 124.7ms | ActiveRecord: 0.0ms)


  Rendered static_pages/home.html.erb within layouts/application (4.1ms)
Completed 200 OK in 111ms (Views: 109.7ms | ActiveRecord: 0.0ms)


Started GET "/" for ::1 at 2017-03-22 01:20:05 +0500
Processing by StaticPagesController#home as HTML
  Rendering static_pages/home.html.erb within layouts/application
  Rendered static_pages/home.html.erb within layouts/application (2.3ms)
Completed 200 OK in 81ms (Views: 79.4ms | ActiveRecord: 0.0ms)


Started GET "/" for ::1 at 2017-03-22 01:23:40 +0500
Processing by StaticPagesController#home as HTML
  Rendering static_pages/home.html.erb within layouts/application
  Rendered static_pages/home.html.erb within layouts/application (1.9ms)
Completed 200 OK in 1896ms (Views: 1895.3ms | ActiveRecord: 0.0ms)


Started GET "/" for ::1 at 2017-03-22 01:23:57 +0500
Processing by StaticPagesController#home as HTML
  Rendering static_pages/home.html.erb within layouts/application
  Rendered static_pages/home.html.erb within layouts/application (3.9ms)
Completed 200 OK in 1949ms (Views: 1946.9ms | ActiveRecord: 0.0ms)


Started GET "/" for ::1 at 2017-03-22 01:24:07 +0500
Processing by StaticPagesController#home as HTML
  Rendering static_pages/home.html.erb within layouts/application
  Rendered static_pages/home.html.erb within layouts/application (3.2ms)
Completed 200 OK in 1960ms (Views: 1957.9ms | ActiveRecord: 0.0ms)


Started GET "/" for ::1 at 2017-03-22 01:29:47 +0500
Processing by StaticPagesController#home as HTML
  Rendering static_pages/home.html.erb within layouts/application
  Rendered static_pages/home.html.erb within layouts/application (3.1ms)
Completed 200 OK in 2140ms (Views: 2138.6ms | ActiveRecord: 0.0ms)


Started GET "/" for ::1 at 2017-03-22 01:31:37 +0500
Processing by StaticPagesController#home as HTML
  Rendering static_pages/home.html.erb within layouts/application
  Rendered static_pages/home.html.erb within layouts/application (2.4ms)
Completed 200 OK in 71ms (Views: 69.1ms | ActiveRecord: 0.0ms)


Started GET "/" for ::1 at 2017-03-22 01:32:14 +0500
Processing by StaticPagesController#home as HTML
  Rendering static_pages/home.html.erb within layouts/application
  Rendered static_pages/home.html.erb within layouts/application (2.1ms)
Completed 200 OK in 67ms (Views: 65.5ms | ActiveRecord: 0.0ms)


Started GET "/" for ::1 at 2017-03-22 01:32:21 +0500
Processing by StaticPagesController#home as HTML
  Rendering static_pages/home.html.erb within layouts/application
  Rendered static_pages/home.html.erb within layouts/application (1.8ms)
Completed 200 OK in 71ms (Views: 70.2ms | ActiveRecord: 0.0ms)


Started GET "/" for ::1 at 2017-03-22 01:33:11 +0500
Processing by StaticPagesController#home as HTML
  Rendering static_pages/home.html.erb within layouts/application
  Rendered static_pages/home.html.erb within layouts/application (2.5ms)
Completed 200 OK in 74ms (Views: 72.2ms | ActiveRecord: 0.0ms)


Started GET "/" for ::1 at 2017-03-22 01:33:13 +0500
Processing by StaticPagesController#home as HTML
  Rendering static_pages/home.html.erb within layouts/application
  Rendered static_pages/home.html.erb within layouts/application (1.9ms)
Completed 200 OK in 76ms (Views: 74.3ms | ActiveRecord: 0.0ms)


Started GET "/" for ::1 at 2017-03-22 01:41:11 +0500
Processing by StaticPagesController#home as HTML
  Rendering static_pages/home.html.erb within layouts/application
  Rendered static_pages/home.html.erb within layouts/application (2.5ms)
  Rendered layouts/_shim.html.erb (0.4ms)
  Rendered layouts/_header.html.erb (1.2ms)
Completed 200 OK in 75ms (Views: 74.2ms | ActiveRecord: 0.0ms)


Started GET "/" for ::1 at 2017-03-22 01:42:07 +0500
Processing by StaticPagesController#home as HTML
  Rendering static_pages/home.html.erb within layouts/application
  Rendered static_pages/home.html.erb within layouts/application (2.4ms)
  Rendered layouts/_shim.html.erb (0.3ms)
  Rendered layouts/_header.html.erb (0.7ms)
Completed 200 OK in 98ms (Views: 95.7ms | ActiveRecord: 0.0ms)


Started GET "/" for ::1 at 2017-03-22 01:45:56 +0500
Processing by StaticPagesController#home as HTML
  Rendering static_pages/home.html.erb within layouts/application
  Rendered static_pages/home.html.erb within layouts/application (2.0ms)
  Rendered layouts/_shim.html.erb (0.3ms)
  Rendered layouts/_header.html.erb (0.5ms)
Completed 200 OK in 68ms (Views: 66.6ms | ActiveRecord: 0.0ms)


Started GET "/" for ::1 at 2017-03-22 01:46:40 +0500
Processing by StaticPagesController#home as HTML
  Rendering static_pages/home.html.erb within layouts/application
  Rendered static_pages/home.html.erb within layouts/application (2.1ms)
  Rendered layouts/_shim.html.erb (0.3ms)
  Rendered layouts/_header.html.erb (0.5ms)
  Rendered layouts/_footer.html.erb (0.4ms)
Completed 200 OK in 70ms (Views: 69.1ms | ActiveRecord: 0.0ms)


Started GET "/" for ::1 at 2017-03-22 01:47:07 +0500
Processing by StaticPagesController#home as HTML
  Rendering static_pages/home.html.erb within layouts/application
  Rendered static_pages/home.html.erb within layouts/application (2.2ms)
  Rendered layouts/_shim.html.erb (0.3ms)
  Rendered layouts/_header.html.erb (0.5ms)
  Rendered layouts/_footer.html.erb (0.7ms)
Completed 200 OK in 74ms (Views: 72.4ms | ActiveRecord: 0.0ms)


Started GET "/" for ::1 at 2017-03-22 01:47:10 +0500
Processing by StaticPagesController#home as HTML
  Rendering static_pages/home.html.erb within layouts/application
  Rendered static_pages/home.html.erb within layouts/application (1.8ms)
  Rendered layouts/_shim.html.erb (0.3ms)
  Rendered layouts/_header.html.erb (0.5ms)
  Rendered layouts/_footer.html.erb (0.3ms)
Completed 200 OK in 70ms (Views: 69.0ms | ActiveRecord: 0.0ms)


Started GET "/" for ::1 at 2017-03-22 01:49:06 +0500
Processing by StaticPagesController#home as HTML
  Rendering static_pages/home.html.erb within layouts/application
  Rendered static_pages/home.html.erb within layouts/application (2.1ms)
  Rendered layouts/_shim.html.erb (0.4ms)
  Rendered layouts/_header.html.erb (0.8ms)
  Rendered layouts/_footer.html.erb (0.4ms)
Completed 200 OK in 72ms (Views: 70.7ms | ActiveRecord: 0.0ms)


Started GET "/" for ::1 at 2017-03-22 01:51:57 +0500
Processing by StaticPagesController#home as HTML
  Rendering static_pages/home.html.erb within layouts/application
  Rendered static_pages/home.html.erb within layouts/application (2.2ms)
  Rendered layouts/_shim.html.erb (0.3ms)
  Rendered layouts/_header.html.erb (0.5ms)
  Rendered layouts/_footer.html.erb (0.4ms)
Completed 200 OK in 1921ms (Views: 1920.2ms | ActiveRecord: 0.0ms)


Started GET "/" for ::1 at 2017-03-22 01:52:29 +0500
Processing by StaticPagesController#home as HTML
  Rendering static_pages/home.html.erb within layouts/application
  Rendered static_pages/home.html.erb within layouts/application (2.5ms)
  Rendered layouts/_shim.html.erb (0.5ms)
  Rendered layouts/_header.html.erb (0.8ms)
  Rendered layouts/_footer.html.erb (0.6ms)
Completed 200 OK in 1757ms (Views: 1755.7ms | ActiveRecord: 0.0ms)


Started GET "/" for ::1 at 2017-03-22 01:55:18 +0500
Processing by StaticPagesController#home as HTML
  Rendering static_pages/home.html.erb within layouts/application
  Rendered static_pages/home.html.erb within layouts/application (2.8ms)
  Rendered layouts/_shim.html.erb (0.4ms)
  Rendered layouts/_header.html.erb (0.5ms)
  Rendered layouts/_footer.html.erb (0.4ms)
Completed 200 OK in 1913ms (Views: 1911.8ms | ActiveRecord: 0.0ms)


